[ 2020-01-13T12:00:31+08:00 ] ::1 /applecm/index.php?s=/Admin/Public/login.html
INFO: [ app_init ] --START--
INFO: Run Behavior\BuildLiteBehavior [ RunTime:0.000014s ]
SQL: SHOW COLUMNS FROM `hooks` [ RunTime:0.0011s ]
SQL: SELECT `name`,`addons` FROM `hooks`  [ RunTime:0.0003s ]
SQL: SHOW COLUMNS FROM `addons` [ RunTime:0.0052s ]
SQL: SELECT `id`,`name` FROM `addons` WHERE `status` = 1 AND `name` IN ('ReturnTop')  [ RunTime:0.0099s ]
SQL: SELECT `id`,`name` FROM `addons` WHERE `status` = 1 AND `name` IN ('Attachment')  [ RunTime:0.0004s ]
SQL: SELECT `id`,`name` FROM `addons` WHERE `status` = 1 AND `name` IN ('Attachment','SocialComment')  [ RunTime:0.0024s ]
SQL: SELECT `id`,`name` FROM `addons` WHERE `status` = 1 AND `name` IN ('Attachment')  [ RunTime:0.0007s ]
SQL: SELECT `id`,`name` FROM `addons` WHERE `status` = 1 AND `name` IN ('Editor')  [ RunTime:0.0003s ]
SQL: SELECT `id`,`name` FROM `addons` WHERE `status` = 1 AND `name` IN ('EditorForAdmin')  [ RunTime:0.0002s ]
SQL: SELECT `id`,`name` FROM `addons` WHERE `status` = 1 AND `name` IN ('SiteStat','SystemInfo','DevTeam')  [ RunTime:0.0003s ]
SQL: SELECT `id`,`name` FROM `addons` WHERE `status` = 1 AND `name` IN ('Editor')  [ RunTime:0.0002s ]
INFO: Run Common\Behavior\InitHookBehavior [ RunTime:0.042209s ]
INFO: [ app_init ] --END-- [ RunTime:0.042633s ]
INFO: [ app_begin ] --START--
INFO: Run Behavior\ReadHtmlCacheBehavior [ RunTime:0.000803s ]
INFO: [ app_begin ] --END-- [ RunTime:0.000829s ]
ERR: SQLSTATE[42S02]: Base table or view not found: 1146 Table 'applecm.config' doesn't exist

[ 2020-01-13T12:00:47+08:00 ] ::1 /applecm/index.php?s=/Admin/Public/login.html
INFO: [ app_init ] --START--
INFO: Run Behavior\BuildLiteBehavior [ RunTime:0.000005s ]
INFO: Run Common\Behavior\InitHookBehavior [ RunTime:0.002068s ]
INFO: [ app_init ] --END-- [ RunTime:0.002450s ]
INFO: [ app_begin ] --START--
INFO: Run Behavior\ReadHtmlCacheBehavior [ RunTime:0.001359s ]
INFO: [ app_begin ] --END-- [ RunTime:0.001425s ]
SQL: SHOW COLUMNS FROM `config` [ RunTime:0.0017s ]
SQL: SELECT `type`,`name`,`value` FROM `config` WHERE `status` = 1  [ RunTime:0.0019s ]
INFO: [ view_parse ] --START--
INFO: [ template_filter ] --START--
INFO: Run Behavior\ContentReplaceBehavior [ RunTime:0.000038s ]
INFO: [ template_filter ] --END-- [ RunTime:0.000070s ]
INFO: Run Behavior\ParseTemplateBehavior [ RunTime:0.010838s ]
INFO: [ view_parse ] --END-- [ RunTime:0.010864s ]
INFO: [ view_filter ] --START--
INFO: Run Behavior\WriteHtmlCacheBehavior [ RunTime:0.000688s ]
INFO: [ view_filter ] --END-- [ RunTime:0.000705s ]
INFO: [ app_end ] --START--
INFO: Run Behavior\ShowPageTraceBehavior [ RunTime:0.000836s ]
INFO: [ app_end ] --END-- [ RunTime:0.000852s ]

