[ 2020-01-17T09:15:19+08:00 ] ::1 /applecm/index.php/api/live/getLiveList
INFO: [ app_init ] --START--
INFO: Run Behavior\BuildLiteBehavior [ RunTime:0.000010s ]
INFO: Run Common\Behavior\InitHookBehavior [ RunTime:0.006991s ]
INFO: [ app_init ] --END-- [ RunTime:0.008689s ]
INFO: [ app_begin ] --START--
INFO: Run Behavior\ReadHtmlCacheBehavior [ RunTime:0.000647s ]
INFO: [ app_begin ] --END-- [ RunTime:0.000662s ]
SQL: SHOW COLUMNS FROM `live` [ RunTime:0.0102s ]
SQL: SELECT l.id,l.title as live_title,l.begin_time,l.end_time,h.name,h.img,h1.name as hospital_name FROM live l left join hospital as h on l.hospital_id = h.id left join hospital as h1 on h.pid = h1.id  WHERE l.is_deleted = 0 ORDER BY l.create_time desc  [ RunTime:0.0074s ]
NOTIC: [2] Use of undefined constant json - assumed 'json' (this will throw an Error in a future version of PHP) C:\phpstudy_pro\WWW\applecm\Application\Api\Controller\LiveController.class.php 第 29 行.

[ 2020-01-17T09:15:23+08:00 ] ::1 /applecm/index.php/api/live/getLiveDetail?id=1
INFO: [ app_init ] --START--
INFO: Run Behavior\BuildLiteBehavior [ RunTime:0.000005s ]
INFO: Run Common\Behavior\InitHookBehavior [ RunTime:0.001934s ]
INFO: [ app_init ] --END-- [ RunTime:0.002299s ]
INFO: [ app_begin ] --START--
INFO: Run Behavior\ReadHtmlCacheBehavior [ RunTime:0.000491s ]
INFO: [ app_begin ] --END-- [ RunTime:0.000507s ]
SQL: SHOW COLUMNS FROM `live` [ RunTime:0.0011s ]
SQL: SELECT l.title as live_title,l.img as live_img,l.info,l.begin_time,l.end_time,h.name,h.img,h.class,h.title,h1.name as hospital_name FROM live l left join hospital as h on l.hospital_id = h.id left join hospital as h1 on h.pid = h1.id  WHERE l.id = '1' LIMIT 1   [ RunTime:0.0015s ]
NOTIC: [2] Use of undefined constant json - assumed 'json' (this will throw an Error in a future version of PHP) C:\phpstudy_pro\WWW\applecm\Application\Api\Controller\LiveController.class.php 第 47 行.

[ 2020-01-17T09:15:24+08:00 ] ::1 /applecm/index.php/api/live/getLiveList
INFO: [ app_init ] --START--
INFO: Run Behavior\BuildLiteBehavior [ RunTime:0.000005s ]
INFO: Run Common\Behavior\InitHookBehavior [ RunTime:0.002102s ]
INFO: [ app_init ] --END-- [ RunTime:0.002486s ]
INFO: [ app_begin ] --START--
INFO: Run Behavior\ReadHtmlCacheBehavior [ RunTime:0.000496s ]
INFO: [ app_begin ] --END-- [ RunTime:0.000513s ]
SQL: SHOW COLUMNS FROM `live` [ RunTime:0.0012s ]
SQL: SELECT l.id,l.title as live_title,l.begin_time,l.end_time,h.name,h.img,h1.name as hospital_name FROM live l left join hospital as h on l.hospital_id = h.id left join hospital as h1 on h.pid = h1.id  WHERE l.is_deleted = 0 ORDER BY l.create_time desc  [ RunTime:0.0019s ]
NOTIC: [2] Use of undefined constant json - assumed 'json' (this will throw an Error in a future version of PHP) C:\phpstudy_pro\WWW\applecm\Application\Api\Controller\LiveController.class.php 第 29 行.

[ 2020-01-17T09:15:30+08:00 ] ::1 /applecm/index.php/api/live/getLiveDetail?id=1
INFO: [ app_init ] --START--
INFO: Run Behavior\BuildLiteBehavior [ RunTime:0.000005s ]
INFO: Run Common\Behavior\InitHookBehavior [ RunTime:0.002739s ]
INFO: [ app_init ] --END-- [ RunTime:0.003156s ]
INFO: [ app_begin ] --START--
INFO: Run Behavior\ReadHtmlCacheBehavior [ RunTime:0.000520s ]
INFO: [ app_begin ] --END-- [ RunTime:0.000537s ]
SQL: SHOW COLUMNS FROM `live` [ RunTime:0.0012s ]
SQL: SELECT l.title as live_title,l.img as live_img,l.info,l.begin_time,l.end_time,h.name,h.img,h.class,h.title,h1.name as hospital_name FROM live l left join hospital as h on l.hospital_id = h.id left join hospital as h1 on h.pid = h1.id  WHERE l.id = '1' LIMIT 1   [ RunTime:0.0012s ]
NOTIC: [2] Use of undefined constant json - assumed 'json' (this will throw an Error in a future version of PHP) C:\phpstudy_pro\WWW\applecm\Application\Api\Controller\LiveController.class.php 第 47 行.

[ 2020-01-17T09:15:32+08:00 ] ::1 /applecm/index.php/api/live/getLiveList
INFO: [ app_init ] --START--
INFO: Run Behavior\BuildLiteBehavior [ RunTime:0.000006s ]
INFO: Run Common\Behavior\InitHookBehavior [ RunTime:0.001992s ]
INFO: [ app_init ] --END-- [ RunTime:0.002393s ]
INFO: [ app_begin ] --START--
INFO: Run Behavior\ReadHtmlCacheBehavior [ RunTime:0.000490s ]
INFO: [ app_begin ] --END-- [ RunTime:0.000508s ]
SQL: SHOW COLUMNS FROM `live` [ RunTime:0.0010s ]
SQL: SELECT l.id,l.title as live_title,l.begin_time,l.end_time,h.name,h.img,h1.name as hospital_name FROM live l left join hospital as h on l.hospital_id = h.id left join hospital as h1 on h.pid = h1.id  WHERE l.is_deleted = 0 ORDER BY l.create_time desc  [ RunTime:0.0012s ]
NOTIC: [2] Use of undefined constant json - assumed 'json' (this will throw an Error in a future version of PHP) C:\phpstudy_pro\WWW\applecm\Application\Api\Controller\LiveController.class.php 第 29 行.

[ 2020-01-17T09:43:58+08:00 ] ::1 /applecm/index.php/api/live/getLiveList
INFO: [ app_init ] --START--
INFO: Run Behavior\BuildLiteBehavior [ RunTime:0.000010s ]
INFO: Run Common\Behavior\InitHookBehavior [ RunTime:0.002555s ]
INFO: [ app_init ] --END-- [ RunTime:0.003029s ]
INFO: [ app_begin ] --START--
INFO: Run Behavior\ReadHtmlCacheBehavior [ RunTime:0.000545s ]
INFO: [ app_begin ] --END-- [ RunTime:0.000565s ]
SQL: SHOW COLUMNS FROM `live` [ RunTime:0.0018s ]
SQL: SELECT l.id,l.title as live_title,l.begin_time,l.end_time,h.name,h.img,h1.name as hospital_name FROM live l left join hospital as h on l.hospital_id = h.id left join hospital as h1 on h.pid = h1.id  WHERE l.is_deleted = 0 ORDER BY l.create_time desc  [ RunTime:0.0014s ]
NOTIC: [2] Use of undefined constant json - assumed 'json' (this will throw an Error in a future version of PHP) C:\phpstudy_pro\WWW\applecm\Application\Api\Controller\LiveController.class.php 第 29 行.

[ 2020-01-17T09:44:05+08:00 ] ::1 /applecm/index.php/api/live/getLiveDetail?id=1
INFO: [ app_init ] --START--
INFO: Run Behavior\BuildLiteBehavior [ RunTime:0.000006s ]
INFO: Run Common\Behavior\InitHookBehavior [ RunTime:0.001853s ]
INFO: [ app_init ] --END-- [ RunTime:0.002270s ]
INFO: [ app_begin ] --START--
INFO: Run Behavior\ReadHtmlCacheBehavior [ RunTime:0.000553s ]
INFO: [ app_begin ] --END-- [ RunTime:0.000575s ]
SQL: SHOW COLUMNS FROM `live` [ RunTime:0.0013s ]
SQL: SELECT l.title as live_title,l.img as live_img,l.info,l.begin_time,l.end_time,h.name,h.img,h.class,h.title,h1.name as hospital_name FROM live l left join hospital as h on l.hospital_id = h.id left join hospital as h1 on h.pid = h1.id  WHERE l.id = '1' LIMIT 1   [ RunTime:0.0018s ]
NOTIC: [2] Use of undefined constant json - assumed 'json' (this will throw an Error in a future version of PHP) C:\phpstudy_pro\WWW\applecm\Application\Api\Controller\LiveController.class.php 第 47 行.

[ 2020-01-17T09:44:07+08:00 ] ::1 /applecm/index.php/api/live/getLiveList
INFO: [ app_init ] --START--
INFO: Run Behavior\BuildLiteBehavior [ RunTime:0.000005s ]
INFO: Run Common\Behavior\InitHookBehavior [ RunTime:0.001986s ]
INFO: [ app_init ] --END-- [ RunTime:0.002382s ]
INFO: [ app_begin ] --START--
INFO: Run Behavior\ReadHtmlCacheBehavior [ RunTime:0.000473s ]
INFO: [ app_begin ] --END-- [ RunTime:0.000495s ]
SQL: SHOW COLUMNS FROM `live` [ RunTime:0.0011s ]
SQL: SELECT l.id,l.title as live_title,l.begin_time,l.end_time,h.name,h.img,h1.name as hospital_name FROM live l left join hospital as h on l.hospital_id = h.id left join hospital as h1 on h.pid = h1.id  WHERE l.is_deleted = 0 ORDER BY l.create_time desc  [ RunTime:0.0014s ]
NOTIC: [2] Use of undefined constant json - assumed 'json' (this will throw an Error in a future version of PHP) C:\phpstudy_pro\WWW\applecm\Application\Api\Controller\LiveController.class.php 第 29 行.

[ 2020-01-17T09:44:14+08:00 ] ::1 /applecm/index.php/api/knowledge/getKnowledgeList
INFO: [ app_init ] --START--
INFO: Run Behavior\BuildLiteBehavior [ RunTime:0.000008s ]
INFO: Run Common\Behavior\InitHookBehavior [ RunTime:0.002736s ]
INFO: [ app_init ] --END-- [ RunTime:0.003210s ]
INFO: [ app_begin ] --START--
INFO: Run Behavior\ReadHtmlCacheBehavior [ RunTime:0.000803s ]
INFO: [ app_begin ] --END-- [ RunTime:0.000841s ]
SQL: SHOW COLUMNS FROM `knowledge` [ RunTime:0.0032s ]
SQL: SELECT `id`,`title`,`info`,`img`,`author` FROM `knowledge` WHERE `is_deleted` = 0 ORDER BY create_time desc  [ RunTime:0.0004s ]
NOTIC: [2] Use of undefined constant json - assumed 'json' (this will throw an Error in a future version of PHP) C:\phpstudy_pro\WWW\applecm\Application\Api\Controller\KnowledgeController.class.php 第 26 行.

[ 2020-01-17T09:44:15+08:00 ] ::1 /applecm/index.php/api/knowledge/getKnowledgeDetail?id=1
INFO: [ app_init ] --START--
INFO: Run Behavior\BuildLiteBehavior [ RunTime:0.000014s ]
INFO: Run Common\Behavior\InitHookBehavior [ RunTime:0.002162s ]
INFO: [ app_init ] --END-- [ RunTime:0.002552s ]
INFO: [ app_begin ] --START--
INFO: Run Behavior\ReadHtmlCacheBehavior [ RunTime:0.000527s ]
INFO: [ app_begin ] --END-- [ RunTime:0.000544s ]
SQL: SHOW COLUMNS FROM `knowledge` [ RunTime:0.0012s ]
SQL: SELECT `title`,`info`,`create_time` FROM `knowledge` WHERE `id` = 1 LIMIT 1   [ RunTime:0.0003s ]
NOTIC: [2] Use of undefined constant json - assumed 'json' (this will throw an Error in a future version of PHP) C:\phpstudy_pro\WWW\applecm\Application\Api\Controller\KnowledgeController.class.php 第 41 行.

[ 2020-01-17T09:44:17+08:00 ] ::1 /applecm/index.php/api/knowledge/getKnowledgeList
INFO: [ app_init ] --START--
INFO: Run Behavior\BuildLiteBehavior [ RunTime:0.000006s ]
INFO: Run Common\Behavior\InitHookBehavior [ RunTime:0.002831s ]
INFO: [ app_init ] --END-- [ RunTime:0.003377s ]
INFO: [ app_begin ] --START--
INFO: Run Behavior\ReadHtmlCacheBehavior [ RunTime:0.000502s ]
INFO: [ app_begin ] --END-- [ RunTime:0.000520s ]
SQL: SHOW COLUMNS FROM `knowledge` [ RunTime:0.0096s ]
SQL: SELECT `id`,`title`,`info`,`img`,`author` FROM `knowledge` WHERE `is_deleted` = 0 ORDER BY create_time desc  [ RunTime:0.0003s ]
NOTIC: [2] Use of undefined constant json - assumed 'json' (this will throw an Error in a future version of PHP) C:\phpstudy_pro\WWW\applecm\Application\Api\Controller\KnowledgeController.class.php 第 26 行.

[ 2020-01-17T09:44:18+08:00 ] ::1 /applecm/index.php/api/help/getHelpList
INFO: [ app_init ] --START--
INFO: Run Behavior\BuildLiteBehavior [ RunTime:0.000007s ]
INFO: Run Common\Behavior\InitHookBehavior [ RunTime:0.002245s ]
INFO: [ app_init ] --END-- [ RunTime:0.002650s ]
INFO: [ app_begin ] --START--
INFO: Run Behavior\ReadHtmlCacheBehavior [ RunTime:0.000603s ]
INFO: [ app_begin ] --END-- [ RunTime:0.000622s ]
SQL: SHOW COLUMNS FROM `help` [ RunTime:0.0033s ]
SQL: SELECT `id`,`title`,`img`,`author` FROM `help` WHERE `is_deleted` = 0 ORDER BY create_time desc  [ RunTime:0.0003s ]
NOTIC: [2] Use of undefined constant json - assumed 'json' (this will throw an Error in a future version of PHP) C:\phpstudy_pro\WWW\applecm\Application\Api\Controller\HelpController.class.php 第 26 行.

[ 2020-01-17T09:44:19+08:00 ] ::1 /applecm/index.php/api/help/getHelpDetail?id=1
INFO: [ app_init ] --START--
INFO: Run Behavior\BuildLiteBehavior [ RunTime:0.000008s ]
INFO: Run Common\Behavior\InitHookBehavior [ RunTime:0.002290s ]
INFO: [ app_init ] --END-- [ RunTime:0.002771s ]
INFO: [ app_begin ] --START--
INFO: Run Behavior\ReadHtmlCacheBehavior [ RunTime:0.000815s ]
INFO: [ app_begin ] --END-- [ RunTime:0.000854s ]
SQL: SHOW COLUMNS FROM `help` [ RunTime:0.0013s ]
SQL: SELECT `title`,`create_time`,`video` FROM `help` WHERE `id` = 1 LIMIT 1   [ RunTime:0.0003s ]
NOTIC: [2] Use of undefined constant json - assumed 'json' (this will throw an Error in a future version of PHP) C:\phpstudy_pro\WWW\applecm\Application\Api\Controller\HelpController.class.php 第 41 行.

[ 2020-01-17T09:44:23+08:00 ] ::1 /applecm/index.php/api/help/getHelpList
INFO: [ app_init ] --START--
INFO: Run Behavior\BuildLiteBehavior [ RunTime:0.000016s ]
INFO: Run Common\Behavior\InitHookBehavior [ RunTime:0.001860s ]
INFO: [ app_init ] --END-- [ RunTime:0.002231s ]
INFO: [ app_begin ] --START--
INFO: Run Behavior\ReadHtmlCacheBehavior [ RunTime:0.000469s ]
INFO: [ app_begin ] --END-- [ RunTime:0.000487s ]
SQL: SHOW COLUMNS FROM `help` [ RunTime:0.0012s ]
SQL: SELECT `id`,`title`,`img`,`author` FROM `help` WHERE `is_deleted` = 0 ORDER BY create_time desc  [ RunTime:0.0003s ]
NOTIC: [2] Use of undefined constant json - assumed 'json' (this will throw an Error in a future version of PHP) C:\phpstudy_pro\WWW\applecm\Application\Api\Controller\HelpController.class.php 第 26 行.

[ 2020-01-17T09:44:24+08:00 ] ::1 /applecm/index.php/api/class/getClassList
INFO: [ app_init ] --START--
INFO: Run Behavior\BuildLiteBehavior [ RunTime:0.000005s ]
INFO: Run Common\Behavior\InitHookBehavior [ RunTime:0.001952s ]
INFO: [ app_init ] --END-- [ RunTime:0.002340s ]
INFO: [ app_begin ] --START--
INFO: Run Behavior\ReadHtmlCacheBehavior [ RunTime:0.000517s ]
INFO: [ app_begin ] --END-- [ RunTime:0.000535s ]
SQL: SHOW COLUMNS FROM `class` [ RunTime:0.0025s ]
SQL: SELECT c.id,c.img,c.title,h.name,h1.name as hospital_name FROM class c left join hospital as h on c.hospital_id = h.id left join hospital as h1 on h.pid = h1.id  WHERE c.is_deleted = 0 ORDER BY c.id desc  [ RunTime:0.0022s ]
NOTIC: [2] Use of undefined constant json - assumed 'json' (this will throw an Error in a future version of PHP) C:\phpstudy_pro\WWW\applecm\Application\Api\Controller\ClassController.class.php 第 29 行.

[ 2020-01-17T09:44:26+08:00 ] ::1 /applecm/index.php/api/class/getClassDetail?id=1
INFO: [ app_init ] --START--
INFO: Run Behavior\BuildLiteBehavior [ RunTime:0.000007s ]
INFO: Run Common\Behavior\InitHookBehavior [ RunTime:0.002171s ]
INFO: [ app_init ] --END-- [ RunTime:0.002699s ]
INFO: [ app_begin ] --START--
INFO: Run Behavior\ReadHtmlCacheBehavior [ RunTime:0.000538s ]
INFO: [ app_begin ] --END-- [ RunTime:0.000556s ]
SQL: SHOW COLUMNS FROM `class` [ RunTime:0.0014s ]
SQL: SELECT c.title as class_title,c.video,c.info,h.name,h.title,h.class,h1.name as hospital_name FROM class c left join hospital as h on c.hospital_id = h.id left join hospital as h1 on h.pid = h1.id  WHERE c.id = '1' LIMIT 1   [ RunTime:0.0014s ]
NOTIC: [2] Use of undefined constant json - assumed 'json' (this will throw an Error in a future version of PHP) C:\phpstudy_pro\WWW\applecm\Application\Api\Controller\ClassController.class.php 第 47 行.

[ 2020-01-17T09:44:29+08:00 ] ::1 /applecm/index.php/api/class/getClassList
INFO: [ app_init ] --START--
INFO: Run Behavior\BuildLiteBehavior [ RunTime:0.000006s ]
INFO: Run Common\Behavior\InitHookBehavior [ RunTime:0.002037s ]
INFO: [ app_init ] --END-- [ RunTime:0.002446s ]
INFO: [ app_begin ] --START--
INFO: Run Behavior\ReadHtmlCacheBehavior [ RunTime:0.000470s ]
INFO: [ app_begin ] --END-- [ RunTime:0.000490s ]
SQL: SHOW COLUMNS FROM `class` [ RunTime:0.0017s ]
SQL: SELECT c.id,c.img,c.title,h.name,h1.name as hospital_name FROM class c left join hospital as h on c.hospital_id = h.id left join hospital as h1 on h.pid = h1.id  WHERE c.is_deleted = 0 ORDER BY c.id desc  [ RunTime:0.0005s ]
NOTIC: [2] Use of undefined constant json - assumed 'json' (this will throw an Error in a future version of PHP) C:\phpstudy_pro\WWW\applecm\Application\Api\Controller\ClassController.class.php 第 29 行.

[ 2020-01-17T09:44:31+08:00 ] ::1 /applecm/index.php/api/answer/getAnswerList
INFO: [ app_init ] --START--
INFO: Run Behavior\BuildLiteBehavior [ RunTime:0.000005s ]
INFO: Run Common\Behavior\InitHookBehavior [ RunTime:0.002677s ]
INFO: [ app_init ] --END-- [ RunTime:0.003065s ]
INFO: [ app_begin ] --START--
INFO: Run Behavior\ReadHtmlCacheBehavior [ RunTime:0.000501s ]
INFO: [ app_begin ] --END-- [ RunTime:0.000517s ]
SQL: SHOW COLUMNS FROM `faq` [ RunTime:0.0027s ]
SQL: SELECT faq.id,faq.title,faq.img,h.name,h1.name as hospital_name FROM `faq` left join hospital as h on faq.hospital_id = h.id left join hospital as h1 on h.pid = h1.id  WHERE faq.is_deleted = 0 ORDER BY faq.sort desc  [ RunTime:0.0006s ]
NOTIC: [2] Use of undefined constant json - assumed 'json' (this will throw an Error in a future version of PHP) C:\phpstudy_pro\WWW\applecm\Application\Api\Controller\AnswerController.class.php 第 28 行.

[ 2020-01-17T09:44:32+08:00 ] ::1 /applecm/index.php/api/answer/getAnswerDetail?id=1
INFO: [ app_init ] --START--
INFO: Run Behavior\BuildLiteBehavior [ RunTime:0.000006s ]
INFO: Run Common\Behavior\InitHookBehavior [ RunTime:0.001946s ]
INFO: [ app_init ] --END-- [ RunTime:0.002324s ]
INFO: [ app_begin ] --START--
INFO: Run Behavior\ReadHtmlCacheBehavior [ RunTime:0.000450s ]
INFO: [ app_begin ] --END-- [ RunTime:0.000466s ]
SQL: SHOW COLUMNS FROM `faq` [ RunTime:0.0011s ]
SQL: SELECT faq.title as faq_title,h.name,h.title,h.class,h1.name as hospital_name FROM `faq` left join hospital as h on faq.hospital_id = h.id left join hospital as h1 on h.pid = h1.id  LIMIT 1   [ RunTime:0.0004s ]
SQL: SELECT fd.num,fd.question,fd.desc,fd.answer FROM faq f left join faq_detail as fd on f.id = fd.faq_id  WHERE f.id = '1' AND fd.is_deleted = 0 ORDER BY fd.num  [ RunTime:0.0206s ]
NOTIC: [2] Use of undefined constant json - assumed 'json' (this will throw an Error in a future version of PHP) C:\phpstudy_pro\WWW\applecm\Application\Api\Controller\AnswerController.class.php 第 55 行.

[ 2020-01-17T09:44:34+08:00 ] ::1 /applecm/index.php/api/answer/getAnswerList
INFO: [ app_init ] --START--
INFO: Run Behavior\BuildLiteBehavior [ RunTime:0.000006s ]
INFO: Run Common\Behavior\InitHookBehavior [ RunTime:0.001886s ]
INFO: [ app_init ] --END-- [ RunTime:0.002268s ]
INFO: [ app_begin ] --START--
INFO: Run Behavior\ReadHtmlCacheBehavior [ RunTime:0.000681s ]
INFO: [ app_begin ] --END-- [ RunTime:0.000705s ]
SQL: SHOW COLUMNS FROM `faq` [ RunTime:0.0012s ]
SQL: SELECT faq.id,faq.title,faq.img,h.name,h1.name as hospital_name FROM `faq` left join hospital as h on faq.hospital_id = h.id left join hospital as h1 on h.pid = h1.id  WHERE faq.is_deleted = 0 ORDER BY faq.sort desc  [ RunTime:0.0004s ]
NOTIC: [2] Use of undefined constant json - assumed 'json' (this will throw an Error in a future version of PHP) C:\phpstudy_pro\WWW\applecm\Application\Api\Controller\AnswerController.class.php 第 28 行.

[ 2020-01-17T10:43:00+08:00 ] ::1 /applecm/index.php/api/live/getLiveList
INFO: [ app_init ] --START--
INFO: Run Behavior\BuildLiteBehavior [ RunTime:0.000007s ]
INFO: Run Common\Behavior\InitHookBehavior [ RunTime:0.002524s ]
INFO: [ app_init ] --END-- [ RunTime:0.003075s ]
INFO: [ app_begin ] --START--
INFO: Run Behavior\ReadHtmlCacheBehavior [ RunTime:0.000661s ]
INFO: [ app_begin ] --END-- [ RunTime:0.000680s ]
SQL: SHOW COLUMNS FROM `live` [ RunTime:0.0018s ]
SQL: SELECT l.id,l.title as live_title,l.begin_time,l.end_time,h.name,h.img,h1.name as hospital_name FROM live l left join hospital as h on l.hospital_id = h.id left join hospital as h1 on h.pid = h1.id  WHERE l.is_deleted = 0 ORDER BY l.create_time desc  [ RunTime:0.0006s ]
NOTIC: [2] Use of undefined constant json - assumed 'json' (this will throw an Error in a future version of PHP) C:\phpstudy_pro\WWW\applecm\Application\Api\Controller\LiveController.class.php 第 29 行.

[ 2020-01-17T10:43:01+08:00 ] ::1 /applecm/index.php/api/live/getLiveDetail?id=1
INFO: [ app_init ] --START--
INFO: Run Behavior\BuildLiteBehavior [ RunTime:0.000007s ]
INFO: Run Common\Behavior\InitHookBehavior [ RunTime:0.002415s ]
INFO: [ app_init ] --END-- [ RunTime:0.003027s ]
INFO: [ app_begin ] --START--
INFO: Run Behavior\ReadHtmlCacheBehavior [ RunTime:0.000705s ]
INFO: [ app_begin ] --END-- [ RunTime:0.000739s ]
SQL: SHOW COLUMNS FROM `live` [ RunTime:0.0008s ]
SQL: SELECT l.title as live_title,l.img as live_img,l.info,l.begin_time,l.end_time,h.name,h.img,h.class,h.title,h1.name as hospital_name FROM live l left join hospital as h on l.hospital_id = h.id left join hospital as h1 on h.pid = h1.id  WHERE l.id = '1' LIMIT 1   [ RunTime:0.0005s ]
NOTIC: [2] Use of undefined constant json - assumed 'json' (this will throw an Error in a future version of PHP) C:\phpstudy_pro\WWW\applecm\Application\Api\Controller\LiveController.class.php 第 47 行.

[ 2020-01-17T10:43:05+08:00 ] ::1 /applecm/index.php/api/live/getLiveList
INFO: [ app_init ] --START--
INFO: Run Behavior\BuildLiteBehavior [ RunTime:0.000049s ]
INFO: Run Common\Behavior\InitHookBehavior [ RunTime:0.002542s ]
INFO: [ app_init ] --END-- [ RunTime:0.003757s ]
INFO: [ app_begin ] --START--
INFO: Run Behavior\ReadHtmlCacheBehavior [ RunTime:0.000546s ]
INFO: [ app_begin ] --END-- [ RunTime:0.000562s ]
SQL: SHOW COLUMNS FROM `live` [ RunTime:0.0007s ]
SQL: SELECT l.id,l.title as live_title,l.begin_time,l.end_time,h.name,h.img,h1.name as hospital_name FROM live l left join hospital as h on l.hospital_id = h.id left join hospital as h1 on h.pid = h1.id  WHERE l.is_deleted = 0 ORDER BY l.create_time desc  [ RunTime:0.0005s ]
NOTIC: [2] Use of undefined constant json - assumed 'json' (this will throw an Error in a future version of PHP) C:\phpstudy_pro\WWW\applecm\Application\Api\Controller\LiveController.class.php 第 29 行.

[ 2020-01-17T10:43:07+08:00 ] ::1 /applecm/index.php/api/knowledge/getKnowledgeList
INFO: [ app_init ] --START--
INFO: Run Behavior\BuildLiteBehavior [ RunTime:0.000007s ]
INFO: Run Common\Behavior\InitHookBehavior [ RunTime:0.002037s ]
INFO: [ app_init ] --END-- [ RunTime:0.002465s ]
INFO: [ app_begin ] --START--
INFO: Run Behavior\ReadHtmlCacheBehavior [ RunTime:0.000490s ]
INFO: [ app_begin ] --END-- [ RunTime:0.000506s ]
SQL: SHOW COLUMNS FROM `knowledge` [ RunTime:0.0015s ]
SQL: SELECT `id`,`title`,`info`,`img`,`author` FROM `knowledge` WHERE `is_deleted` = 0 ORDER BY create_time desc  [ RunTime:0.0003s ]
NOTIC: [2] Use of undefined constant json - assumed 'json' (this will throw an Error in a future version of PHP) C:\phpstudy_pro\WWW\applecm\Application\Api\Controller\KnowledgeController.class.php 第 26 行.

[ 2020-01-17T10:43:09+08:00 ] ::1 /applecm/index.php/api/knowledge/getKnowledgeDetail?id=1
INFO: [ app_init ] --START--
INFO: Run Behavior\BuildLiteBehavior [ RunTime:0.000005s ]
INFO: Run Common\Behavior\InitHookBehavior [ RunTime:0.001920s ]
INFO: [ app_init ] --END-- [ RunTime:0.002325s ]
INFO: [ app_begin ] --START--
INFO: Run Behavior\ReadHtmlCacheBehavior [ RunTime:0.000480s ]
INFO: [ app_begin ] --END-- [ RunTime:0.000497s ]
SQL: SHOW COLUMNS FROM `knowledge` [ RunTime:0.0007s ]
SQL: SELECT `title`,`info`,`create_time` FROM `knowledge` WHERE `id` = 1 LIMIT 1   [ RunTime:0.0003s ]
NOTIC: [2] Use of undefined constant json - assumed 'json' (this will throw an Error in a future version of PHP) C:\phpstudy_pro\WWW\applecm\Application\Api\Controller\KnowledgeController.class.php 第 41 行.

[ 2020-01-17T10:43:10+08:00 ] ::1 /applecm/index.php/api/knowledge/getKnowledgeList
INFO: [ app_init ] --START--
INFO: Run Behavior\BuildLiteBehavior [ RunTime:0.000006s ]
INFO: Run Common\Behavior\InitHookBehavior [ RunTime:0.001983s ]
INFO: [ app_init ] --END-- [ RunTime:0.002334s ]
INFO: [ app_begin ] --START--
INFO: Run Behavior\ReadHtmlCacheBehavior [ RunTime:0.000502s ]
INFO: [ app_begin ] --END-- [ RunTime:0.000518s ]
SQL: SHOW COLUMNS FROM `knowledge` [ RunTime:0.0034s ]
SQL: SELECT `id`,`title`,`info`,`img`,`author` FROM `knowledge` WHERE `is_deleted` = 0 ORDER BY create_time desc  [ RunTime:0.0003s ]
NOTIC: [2] Use of undefined constant json - assumed 'json' (this will throw an Error in a future version of PHP) C:\phpstudy_pro\WWW\applecm\Application\Api\Controller\KnowledgeController.class.php 第 26 行.

[ 2020-01-17T10:43:12+08:00 ] ::1 /applecm/index.php/api/help/getHelpList
INFO: [ app_init ] --START--
INFO: Run Behavior\BuildLiteBehavior [ RunTime:0.000005s ]
INFO: Run Common\Behavior\InitHookBehavior [ RunTime:0.001727s ]
INFO: [ app_init ] --END-- [ RunTime:0.002069s ]
INFO: [ app_begin ] --START--
INFO: Run Behavior\ReadHtmlCacheBehavior [ RunTime:0.000584s ]
INFO: [ app_begin ] --END-- [ RunTime:0.000614s ]
SQL: SHOW COLUMNS FROM `help` [ RunTime:0.0012s ]
SQL: SELECT `id`,`title`,`img`,`author` FROM `help` WHERE `is_deleted` = 0 ORDER BY create_time desc  [ RunTime:0.0003s ]
NOTIC: [2] Use of undefined constant json - assumed 'json' (this will throw an Error in a future version of PHP) C:\phpstudy_pro\WWW\applecm\Application\Api\Controller\HelpController.class.php 第 26 行.

[ 2020-01-17T10:43:14+08:00 ] ::1 /applecm/index.php/api/class/getClassList
INFO: [ app_init ] --START--
INFO: Run Behavior\BuildLiteBehavior [ RunTime:0.000055s ]
INFO: Run Common\Behavior\InitHookBehavior [ RunTime:0.005623s ]
INFO: [ app_init ] --END-- [ RunTime:0.006947s ]
INFO: [ app_begin ] --START--
INFO: Run Behavior\ReadHtmlCacheBehavior [ RunTime:0.000528s ]
INFO: [ app_begin ] --END-- [ RunTime:0.000545s ]
SQL: SHOW COLUMNS FROM `class` [ RunTime:0.0012s ]
SQL: SELECT c.id,c.img,c.title,h.name,h1.name as hospital_name FROM class c left join hospital as h on c.hospital_id = h.id left join hospital as h1 on h.pid = h1.id  WHERE c.is_deleted = 0 ORDER BY c.id desc  [ RunTime:0.0015s ]
NOTIC: [2] Use of undefined constant json - assumed 'json' (this will throw an Error in a future version of PHP) C:\phpstudy_pro\WWW\applecm\Application\Api\Controller\ClassController.class.php 第 29 行.

[ 2020-01-17T10:43:15+08:00 ] ::1 /applecm/index.php/api/class/getClassDetail?id=2
INFO: [ app_init ] --START--
INFO: Run Behavior\BuildLiteBehavior [ RunTime:0.000007s ]
INFO: Run Common\Behavior\InitHookBehavior [ RunTime:0.002089s ]
INFO: [ app_init ] --END-- [ RunTime:0.002505s ]
INFO: [ app_begin ] --START--
INFO: Run Behavior\ReadHtmlCacheBehavior [ RunTime:0.000583s ]
INFO: [ app_begin ] --END-- [ RunTime:0.000602s ]
SQL: SHOW COLUMNS FROM `class` [ RunTime:0.0065s ]
SQL: SELECT c.title as class_title,c.video,c.info,h.name,h.title,h.class,h1.name as hospital_name FROM class c left join hospital as h on c.hospital_id = h.id left join hospital as h1 on h.pid = h1.id  WHERE c.id = '2' LIMIT 1   [ RunTime:0.0024s ]
NOTIC: [2] Use of undefined constant json - assumed 'json' (this will throw an Error in a future version of PHP) C:\phpstudy_pro\WWW\applecm\Application\Api\Controller\ClassController.class.php 第 47 行.

[ 2020-01-17T10:43:20+08:00 ] ::1 /applecm/index.php/api/class/getClassList
INFO: [ app_init ] --START--
INFO: Run Behavior\BuildLiteBehavior [ RunTime:0.000006s ]
INFO: Run Common\Behavior\InitHookBehavior [ RunTime:0.002396s ]
INFO: [ app_init ] --END-- [ RunTime:0.002809s ]
INFO: [ app_begin ] --START--
INFO: Run Behavior\ReadHtmlCacheBehavior [ RunTime:0.000879s ]
INFO: [ app_begin ] --END-- [ RunTime:0.000936s ]
SQL: SHOW COLUMNS FROM `class` [ RunTime:0.0016s ]
SQL: SELECT c.id,c.img,c.title,h.name,h1.name as hospital_name FROM class c left join hospital as h on c.hospital_id = h.id left join hospital as h1 on h.pid = h1.id  WHERE c.is_deleted = 0 ORDER BY c.id desc  [ RunTime:0.0033s ]
NOTIC: [2] Use of undefined constant json - assumed 'json' (this will throw an Error in a future version of PHP) C:\phpstudy_pro\WWW\applecm\Application\Api\Controller\ClassController.class.php 第 29 行.

[ 2020-01-17T10:43:21+08:00 ] ::1 /applecm/index.php/api/class/getClassDetail?id=1
INFO: [ app_init ] --START--
INFO: Run Behavior\BuildLiteBehavior [ RunTime:0.000005s ]
INFO: Run Common\Behavior\InitHookBehavior [ RunTime:0.002065s ]
INFO: [ app_init ] --END-- [ RunTime:0.002477s ]
INFO: [ app_begin ] --START--
INFO: Run Behavior\ReadHtmlCacheBehavior [ RunTime:0.000734s ]
INFO: [ app_begin ] --END-- [ RunTime:0.000761s ]
SQL: SHOW COLUMNS FROM `class` [ RunTime:0.0012s ]
SQL: SELECT c.title as class_title,c.video,c.info,h.name,h.title,h.class,h1.name as hospital_name FROM class c left join hospital as h on c.hospital_id = h.id left join hospital as h1 on h.pid = h1.id  WHERE c.id = '1' LIMIT 1   [ RunTime:0.0008s ]
NOTIC: [2] Use of undefined constant json - assumed 'json' (this will throw an Error in a future version of PHP) C:\phpstudy_pro\WWW\applecm\Application\Api\Controller\ClassController.class.php 第 47 行.

[ 2020-01-17T10:43:23+08:00 ] ::1 /applecm/index.php/api/class/getClassList
INFO: [ app_init ] --START--
INFO: Run Behavior\BuildLiteBehavior [ RunTime:0.000015s ]
INFO: Run Common\Behavior\InitHookBehavior [ RunTime:0.002231s ]
INFO: [ app_init ] --END-- [ RunTime:0.002747s ]
INFO: [ app_begin ] --START--
INFO: Run Behavior\ReadHtmlCacheBehavior [ RunTime:0.000518s ]
INFO: [ app_begin ] --END-- [ RunTime:0.000545s ]
SQL: SHOW COLUMNS FROM `class` [ RunTime:0.0010s ]
SQL: SELECT c.id,c.img,c.title,h.name,h1.name as hospital_name FROM class c left join hospital as h on c.hospital_id = h.id left join hospital as h1 on h.pid = h1.id  WHERE c.is_deleted = 0 ORDER BY c.id desc  [ RunTime:0.0007s ]
NOTIC: [2] Use of undefined constant json - assumed 'json' (this will throw an Error in a future version of PHP) C:\phpstudy_pro\WWW\applecm\Application\Api\Controller\ClassController.class.php 第 29 行.

[ 2020-01-17T10:43:23+08:00 ] ::1 /applecm/index.php/api/class/getClassDetail?id=2
INFO: [ app_init ] --START--
INFO: Run Behavior\BuildLiteBehavior [ RunTime:0.000007s ]
INFO: Run Common\Behavior\InitHookBehavior [ RunTime:0.001975s ]
INFO: [ app_init ] --END-- [ RunTime:0.002440s ]
INFO: [ app_begin ] --START--
INFO: Run Behavior\ReadHtmlCacheBehavior [ RunTime:0.000542s ]
INFO: [ app_begin ] --END-- [ RunTime:0.000564s ]
SQL: SHOW COLUMNS FROM `class` [ RunTime:0.0006s ]
SQL: SELECT c.title as class_title,c.video,c.info,h.name,h.title,h.class,h1.name as hospital_name FROM class c left join hospital as h on c.hospital_id = h.id left join hospital as h1 on h.pid = h1.id  WHERE c.id = '2' LIMIT 1   [ RunTime:0.0005s ]
NOTIC: [2] Use of undefined constant json - assumed 'json' (this will throw an Error in a future version of PHP) C:\phpstudy_pro\WWW\applecm\Application\Api\Controller\ClassController.class.php 第 47 行.

[ 2020-01-17T10:43:33+08:00 ] ::1 /applecm/index.php/api/class/getClassList
INFO: [ app_init ] --START--
INFO: Run Behavior\BuildLiteBehavior [ RunTime:0.000009s ]
INFO: Run Common\Behavior\InitHookBehavior [ RunTime:0.001943s ]
INFO: [ app_init ] --END-- [ RunTime:0.002406s ]
INFO: [ app_begin ] --START--
INFO: Run Behavior\ReadHtmlCacheBehavior [ RunTime:0.000543s ]
INFO: [ app_begin ] --END-- [ RunTime:0.000561s ]
SQL: SHOW COLUMNS FROM `class` [ RunTime:0.0012s ]
SQL: SELECT c.id,c.img,c.title,h.name,h1.name as hospital_name FROM class c left join hospital as h on c.hospital_id = h.id left join hospital as h1 on h.pid = h1.id  WHERE c.is_deleted = 0 ORDER BY c.id desc  [ RunTime:0.0005s ]
NOTIC: [2] Use of undefined constant json - assumed 'json' (this will throw an Error in a future version of PHP) C:\phpstudy_pro\WWW\applecm\Application\Api\Controller\ClassController.class.php 第 29 行.

[ 2020-01-17T10:43:34+08:00 ] ::1 /applecm/index.php/api/class/getClassDetail?id=1
INFO: [ app_init ] --START--
INFO: Run Behavior\BuildLiteBehavior [ RunTime:0.000019s ]
INFO: Run Common\Behavior\InitHookBehavior [ RunTime:0.002770s ]
INFO: [ app_init ] --END-- [ RunTime:0.003598s ]
INFO: [ app_begin ] --START--
INFO: Run Behavior\ReadHtmlCacheBehavior [ RunTime:0.000623s ]
INFO: [ app_begin ] --END-- [ RunTime:0.000645s ]
SQL: SHOW COLUMNS FROM `class` [ RunTime:0.0016s ]
SQL: SELECT c.title as class_title,c.video,c.info,h.name,h.title,h.class,h1.name as hospital_name FROM class c left join hospital as h on c.hospital_id = h.id left join hospital as h1 on h.pid = h1.id  WHERE c.id = '1' LIMIT 1   [ RunTime:0.0018s ]
NOTIC: [2] Use of undefined constant json - assumed 'json' (this will throw an Error in a future version of PHP) C:\phpstudy_pro\WWW\applecm\Application\Api\Controller\ClassController.class.php 第 47 行.

[ 2020-01-17T10:43:35+08:00 ] ::1 /applecm/index.php/api/class/getClassList
INFO: [ app_init ] --START--
INFO: Run Behavior\BuildLiteBehavior [ RunTime:0.000005s ]
INFO: Run Common\Behavior\InitHookBehavior [ RunTime:0.002208s ]
INFO: [ app_init ] --END-- [ RunTime:0.002578s ]
INFO: [ app_begin ] --START--
INFO: Run Behavior\ReadHtmlCacheBehavior [ RunTime:0.000946s ]
INFO: [ app_begin ] --END-- [ RunTime:0.000985s ]
SQL: SHOW COLUMNS FROM `class` [ RunTime:0.0013s ]
SQL: SELECT c.id,c.img,c.title,h.name,h1.name as hospital_name FROM class c left join hospital as h on c.hospital_id = h.id left join hospital as h1 on h.pid = h1.id  WHERE c.is_deleted = 0 ORDER BY c.id desc  [ RunTime:0.0004s ]
NOTIC: [2] Use of undefined constant json - assumed 'json' (this will throw an Error in a future version of PHP) C:\phpstudy_pro\WWW\applecm\Application\Api\Controller\ClassController.class.php 第 29 行.

[ 2020-01-17T10:43:37+08:00 ] ::1 /applecm/index.php/api/map/getHospitalList
INFO: [ app_init ] --START--
INFO: Run Behavior\BuildLiteBehavior [ RunTime:0.000006s ]
INFO: Run Common\Behavior\InitHookBehavior [ RunTime:0.002234s ]
INFO: [ app_init ] --END-- [ RunTime:0.002832s ]
INFO: [ app_begin ] --START--
INFO: Run Behavior\ReadHtmlCacheBehavior [ RunTime:0.000520s ]
INFO: [ app_begin ] --END-- [ RunTime:0.000539s ]
NOTIC: [8] Undefined index: provincial_id C:\phpstudy_pro\WWW\applecm\Application\Api\Controller\MapController.class.php 第 62 行.
NOTIC: [8] Undefined index: city_id C:\phpstudy_pro\WWW\applecm\Application\Api\Controller\MapController.class.php 第 67 行.
SQL: SHOW COLUMNS FROM `hospital` [ RunTime:0.0006s ]
SQL: SELECT h.id,h.name,h.title,h.level,h.img,h.pid,p.provincialName,h1.name as hospital_name FROM hospital h left join provincial as p on h.provincial_id = p.id left join hospital as h1 on h.pid = h1.id  WHERE h.pid = 0 AND h.is_deleted = 0 ORDER BY h.pid,h.id  [ RunTime:0.0036s ]
NOTIC: [2] Use of undefined constant json - assumed 'json' (this will throw an Error in a future version of PHP) C:\phpstudy_pro\WWW\applecm\Application\Api\Controller\MapController.class.php 第 81 行.

[ 2020-01-17T10:43:38+08:00 ] ::1 /applecm/index.php/api/map/getHospitalDetail?id=1
INFO: [ app_init ] --START--
INFO: Run Behavior\BuildLiteBehavior [ RunTime:0.000005s ]
INFO: Run Common\Behavior\InitHookBehavior [ RunTime:0.002124s ]
INFO: [ app_init ] --END-- [ RunTime:0.002555s ]
INFO: [ app_begin ] --START--
INFO: Run Behavior\ReadHtmlCacheBehavior [ RunTime:0.000518s ]
INFO: [ app_begin ] --END-- [ RunTime:0.000564s ]
SQL: SHOW COLUMNS FROM `hospital` [ RunTime:0.0006s ]
SQL: SELECT `id`,`name`,`title`,`level`,`img`,`info` FROM `hospital` WHERE `id` = 1 LIMIT 1   [ RunTime:0.0003s ]
SQL: SELECT `id`,`name`,`title`,`img`,`class` FROM `hospital` WHERE `pid` = 1 ORDER BY id  [ RunTime:0.0003s ]
NOTIC: [2] Use of undefined constant json - assumed 'json' (this will throw an Error in a future version of PHP) C:\phpstudy_pro\WWW\applecm\Application\Api\Controller\MapController.class.php 第 101 行.

[ 2020-01-17T10:43:38+08:00 ] ::1 /applecm/index.php/api/map/getProvincialList
INFO: [ app_init ] --START--
INFO: Run Behavior\BuildLiteBehavior [ RunTime:0.000007s ]
INFO: Run Common\Behavior\InitHookBehavior [ RunTime:0.002766s ]
INFO: [ app_init ] --END-- [ RunTime:0.003168s ]
INFO: [ app_begin ] --START--
INFO: Run Behavior\ReadHtmlCacheBehavior [ RunTime:0.000539s ]
INFO: [ app_begin ] --END-- [ RunTime:0.000558s ]
SQL: SHOW COLUMNS FROM `provincial` [ RunTime:0.0015s ]
SQL: SELECT `id`,`provincialName` FROM `provincial` WHERE `is_deleted` = 0 ORDER BY id  [ RunTime:0.0009s ]
NOTIC: [2] Use of undefined constant json - assumed 'json' (this will throw an Error in a future version of PHP) C:\phpstudy_pro\WWW\applecm\Application\Api\Controller\MapController.class.php 第 26 行.

[ 2020-01-17T10:43:41+08:00 ] ::1 /applecm/index.php/api/map/getHospitalList
INFO: [ app_init ] --START--
INFO: Run Behavior\BuildLiteBehavior [ RunTime:0.000008s ]
INFO: Run Common\Behavior\InitHookBehavior [ RunTime:0.004574s ]
INFO: [ app_init ] --END-- [ RunTime:0.004988s ]
INFO: [ app_begin ] --START--
INFO: Run Behavior\ReadHtmlCacheBehavior [ RunTime:0.000603s ]
INFO: [ app_begin ] --END-- [ RunTime:0.000627s ]
NOTIC: [8] Undefined index: provincial_id C:\phpstudy_pro\WWW\applecm\Application\Api\Controller\MapController.class.php 第 62 行.
NOTIC: [8] Undefined index: city_id C:\phpstudy_pro\WWW\applecm\Application\Api\Controller\MapController.class.php 第 67 行.
SQL: SHOW COLUMNS FROM `hospital` [ RunTime:0.0007s ]
SQL: SELECT h.id,h.name,h.title,h.level,h.img,h.pid,p.provincialName,h1.name as hospital_name FROM hospital h left join provincial as p on h.provincial_id = p.id left join hospital as h1 on h.pid = h1.id  WHERE h.pid = 0 AND h.is_deleted = 0 ORDER BY h.pid,h.id  [ RunTime:0.0012s ]
NOTIC: [2] Use of undefined constant json - assumed 'json' (this will throw an Error in a future version of PHP) C:\phpstudy_pro\WWW\applecm\Application\Api\Controller\MapController.class.php 第 81 行.

[ 2020-01-17T10:43:42+08:00 ] ::1 /applecm/index.php/api/map/getProvincialList
INFO: [ app_init ] --START--
INFO: Run Behavior\BuildLiteBehavior [ RunTime:0.000007s ]
INFO: Run Common\Behavior\InitHookBehavior [ RunTime:0.002696s ]
INFO: [ app_init ] --END-- [ RunTime:0.003203s ]
INFO: [ app_begin ] --START--
INFO: Run Behavior\ReadHtmlCacheBehavior [ RunTime:0.000620s ]
INFO: [ app_begin ] --END-- [ RunTime:0.000640s ]
SQL: SHOW COLUMNS FROM `provincial` [ RunTime:0.0017s ]
SQL: SELECT `id`,`provincialName` FROM `provincial` WHERE `is_deleted` = 0 ORDER BY id  [ RunTime:0.0003s ]
NOTIC: [2] Use of undefined constant json - assumed 'json' (this will throw an Error in a future version of PHP) C:\phpstudy_pro\WWW\applecm\Application\Api\Controller\MapController.class.php 第 26 行.

